<?xml version="1.0" encoding="UTF-8"?>
<testsuite name="F8181_1_2SecondTest" tests="1" skipped="0" failures="0" errors="0" timestamp="2018-10-08T11:54:16" hostname="YOSSIBI02" time="10.231">
  <properties/>
  <testcase name="TestChrome" classname="F8181_1_2SecondTest" time="10.231"/>
  <system-out><![CDATA[]]></system-out>
  <system-err><![CDATA[Starting ChromeDriver 2.42.591088 (7b2b2dca23cca0862f674758c9a3933e685c27d5) on port 14563
Only local connections are allowed.
Oct 08, 2018 2:54:20 PM org.openqa.selenium.remote.ProtocolHandshake createSession
INFO: Detected dialect: OSS
]]></system-err>
</testsuite>
