<?xml version="1.0" encoding="UTF-8"?>
<!-- Generated by org.testng.reporters.JUnitReportReporter -->
<testsuite hostname="YOSSIBI02" name="F8181_1_2SecondTest" tests="1" failures="0" timestamp="8 Oct 2018 12:00:49 GMT" time="8.950" errors="0">
  <testcase name="TestChrome" time="8.950" classname="F8181_1_2SecondTest"/>
</testsuite>
