<?xml version="1.0" encoding="UTF-8"?>
<!-- Generated by org.testng.reporters.JUnitReportReporter -->
<testsuite hostname="YOSSIBI02" name="F8181_1_4ForthTest" tests="1" failures="0" timestamp="8 Oct 2018 12:00:49 GMT" time="9.673" errors="0">
  <testcase name="TestChrome" time="9.673" classname="F8181_1_4ForthTest"/>
</testsuite>
